{"/Users/corneliusventi/code/vue-testing/src/components/HelloWorld.vue": {"path":"/Users/corneliusventi/code/vue-testing/src/components/HelloWorld.vue","statementMap":{"0":{"start":{"line":34,"column":15},"end":{"line":34,"column":null}}},"fnMap":{},"branchMap":{},"s":{"0":1},"f":{},"b":{}}
,"/Users/corneliusventi/code/vue-testing/src/components/Message.vue": {"path":"/Users/corneliusventi/code/vue-testing/src/components/Message.vue","statementMap":{"0":{"start":{"line":8,"column":15},"end":{"line":8,"column":null}}},"fnMap":{},"branchMap":{},"s":{"0":1},"f":{},"b":{}}
}
